<?xml version="1.0" encoding="UTF-8"?>
<!-- Generated by org.testng.reporters.JUnitXMLReporter -->
<testsuite ignored="0" hostname="LAPTOP-HMSF6D8U" failures="0" tests="3" name="Default test" time="32.753" errors="0" timestamp="05 Dec 2020 12:28:53 GMT">
  <testcase classname="com.SwagLabsDemo.testcases.LoginTest" name="blankCredentialCheck" time="1.166"/>
  <testcase classname="com.SwagLabsDemo.testcases.LoginTest" name="invalidCredentialsCheck" time="0.885"/>
  <testcase classname="com.SwagLabsDemo.testcases.LoginTest" name="validLoginCheck" time="4.388"/>
</testsuite> <!-- Default test -->
