<?xml version="1.0" encoding="UTF-8"?>
<!-- Generated by org.testng.reporters.JUnitXMLReporter -->
<testsuite ignored="0" hostname="LAPTOP-HMSF6D8U" failures="0" tests="3" name="Default test" time="23.816" errors="0" timestamp="05 Dec 2020 11:52:43 GMT">
  <testcase classname="com.SwagLabsDemo.testcases.LoginTest" name="blankCredentialCheck" time="0.51"/>
  <testcase classname="com.SwagLabsDemo.testcases.LoginTest" name="invalidCredentialsCheck" time="0.622"/>
  <testcase classname="com.SwagLabsDemo.testcases.LoginTest" name="validLoginCheck" time="3.647"/>
</testsuite> <!-- Default test -->
