-------------------------------------------------------------------------------
Test set: com.SwagLabsDemo.testcases.LoginTest
-------------------------------------------------------------------------------
Tests run: 1, Failures: 1, Errors: 0, Skipped: 0, Time elapsed: 13.235 s <<< FAILURE! - in com.SwagLabsDemo.testcases.LoginTest
validLoginCheck(com.SwagLabsDemo.testcases.LoginTest)  Time elapsed: 0.018 s  <<< FAILURE!
java.lang.NullPointerException
	at com.SwagLabsDemo.testcases.LoginTest.validLoginCheck(LoginTest.java:15)

