<?xml version="1.0" encoding="UTF-8"?>
<testng-results ignored="0" total="3" passed="3" failed="0" skipped="0">
  <reporter-output>
  </reporter-output>
  <suite started-at="2020-12-05T11:52:19Z" name="Default suite" finished-at="2020-12-05T11:52:43Z" duration-ms="23816">
    <groups>
    </groups>
    <test started-at="2020-12-05T11:52:19Z" name="Default test" finished-at="2020-12-05T11:52:43Z" duration-ms="23816">
      <class name="com.SwagLabsDemo.testcases.LoginTest">
        <test-method is-config="true" signature="setup()[pri:0, instance:com.SwagLabsDemo.testcases.LoginTest@6676f6a0]" started-at="2020-12-05T11:52:19Z" name="setup" finished-at="2020-12-05T11:52:25Z" duration-ms="5555" status="PASS">
          <reporter-output>
          </reporter-output>
        </test-method> <!-- setup -->
        <test-method signature="blankCredentialCheck()[pri:0, instance:com.SwagLabsDemo.testcases.LoginTest@6676f6a0]" started-at="2020-12-05T11:52:25Z" name="blankCredentialCheck" finished-at="2020-12-05T11:52:25Z" duration-ms="510" status="PASS">
          <reporter-output>
          </reporter-output>
        </test-method> <!-- blankCredentialCheck -->
        <test-method is-config="true" signature="tearDown()[pri:0, instance:com.SwagLabsDemo.testcases.LoginTest@6676f6a0]" started-at="2020-12-05T11:52:25Z" name="tearDown" finished-at="2020-12-05T11:52:26Z" duration-ms="760" status="PASS">
          <reporter-output>
          </reporter-output>
        </test-method> <!-- tearDown -->
        <test-method is-config="true" signature="setup()[pri:0, instance:com.SwagLabsDemo.testcases.LoginTest@6676f6a0]" started-at="2020-12-05T11:52:26Z" name="setup" finished-at="2020-12-05T11:52:32Z" duration-ms="5890" status="PASS">
          <reporter-output>
          </reporter-output>
        </test-method> <!-- setup -->
        <test-method signature="invalidCredentialsCheck()[pri:0, instance:com.SwagLabsDemo.testcases.LoginTest@6676f6a0]" started-at="2020-12-05T11:52:32Z" name="invalidCredentialsCheck" finished-at="2020-12-05T11:52:33Z" duration-ms="622" status="PASS">
          <reporter-output>
          </reporter-output>
        </test-method> <!-- invalidCredentialsCheck -->
        <test-method is-config="true" signature="tearDown()[pri:0, instance:com.SwagLabsDemo.testcases.LoginTest@6676f6a0]" started-at="2020-12-05T11:52:33Z" name="tearDown" finished-at="2020-12-05T11:52:33Z" duration-ms="802" status="PASS">
          <reporter-output>
          </reporter-output>
        </test-method> <!-- tearDown -->
        <test-method is-config="true" signature="setup()[pri:0, instance:com.SwagLabsDemo.testcases.LoginTest@6676f6a0]" started-at="2020-12-05T11:52:33Z" name="setup" finished-at="2020-12-05T11:52:39Z" duration-ms="5151" status="PASS">
          <reporter-output>
          </reporter-output>
        </test-method> <!-- setup -->
        <test-method signature="validLoginCheck()[pri:0, instance:com.SwagLabsDemo.testcases.LoginTest@6676f6a0]" started-at="2020-12-05T11:52:39Z" name="validLoginCheck" finished-at="2020-12-05T11:52:42Z" duration-ms="3647" status="PASS">
          <reporter-output>
          </reporter-output>
        </test-method> <!-- validLoginCheck -->
        <test-method is-config="true" signature="tearDown()[pri:0, instance:com.SwagLabsDemo.testcases.LoginTest@6676f6a0]" started-at="2020-12-05T11:52:42Z" name="tearDown" finished-at="2020-12-05T11:52:43Z" duration-ms="815" status="PASS">
          <reporter-output>
          </reporter-output>
        </test-method> <!-- tearDown -->
      </class> <!-- com.SwagLabsDemo.testcases.LoginTest -->
    </test> <!-- Default test -->
  </suite> <!-- Default suite -->
</testng-results>
