<?xml version="1.0" encoding="UTF-8"?>
<testng-results ignored="0" total="1" passed="1" failed="0" skipped="0">
  <reporter-output>
  </reporter-output>
  <suite started-at="2020-12-08T07:33:52Z" name="SwagLabsDemo" finished-at="2020-12-08T07:34:40Z" duration-ms="47663">
    <groups>
    </groups>
    <test started-at="2020-12-08T07:33:52Z" name="SwagLabsDemo Test" finished-at="2020-12-08T07:34:40Z" duration-ms="47663">
      <class name="com.SwagLabsDemo.testcases.SortItemsTest">
        <test-method is-config="true" signature="setup()[pri:0, instance:com.SwagLabsDemo.testcases.SortItemsTest@610f7aa]" started-at="2020-12-08T07:33:52Z" name="setup" finished-at="2020-12-08T07:34:13Z" duration-ms="20954" status="PASS">
          <reporter-output>
          </reporter-output>
        </test-method> <!-- setup -->
        <test-method signature="sortItems()[pri:0, instance:com.SwagLabsDemo.testcases.SortItemsTest@610f7aa]" started-at="2020-12-08T07:34:13Z" name="sortItems" finished-at="2020-12-08T07:34:39Z" duration-ms="25230" status="PASS">
          <reporter-output>
          </reporter-output>
        </test-method> <!-- sortItems -->
        <test-method is-config="true" signature="tearDown()[pri:0, instance:com.SwagLabsDemo.testcases.SortItemsTest@610f7aa]" started-at="2020-12-08T07:34:39Z" name="tearDown" finished-at="2020-12-08T07:34:40Z" duration-ms="934" status="PASS">
          <reporter-output>
          </reporter-output>
        </test-method> <!-- tearDown -->
      </class> <!-- com.SwagLabsDemo.testcases.SortItemsTest -->
    </test> <!-- SwagLabsDemo Test -->
  </suite> <!-- SwagLabsDemo -->
</testng-results>
