<?xml version="1.0" encoding="UTF-8"?>
<!-- Generated by org.testng.reporters.JUnitXMLReporter -->
<testsuite ignored="0" hostname="LAPTOP-HMSF6D8U" failures="1" tests="1" name="Surefire test" time="12.306" errors="0" timestamp="05 Dec 2020 09:14:35 GMT">
  <testcase classname="com.SwagLabsDemo.testcases.LoginTest" name="validLoginCheck" time="0.001">
    <failure type="java.lang.NullPointerException">
      <![CDATA[java.lang.NullPointerException
at org.openqa.selenium.support.pagefactory.DefaultElementLocator.findElement(DefaultElementLocator.java:69)
at org.openqa.selenium.support.pagefactory.internal.LocatingElementHandler.invoke(LocatingElementHandler.java:38)
at com.sun.proxy.$Proxy9.sendKeys(Unknown Source)
at com.SwagLabsDemo.pageObjects.LoginPage.validLogin(LoginPage.java:34)
at com.SwagLabsDemo.testcases.LoginTest.validLoginCheck(LoginTest.java:15)
... Removed 30 stack frames]]>
    </failure>
  </testcase> <!-- validLoginCheck -->
</testsuite> <!-- Surefire test -->
