<?xml version="1.0" encoding="UTF-8"?>
<!-- Generated by org.testng.reporters.JUnitXMLReporter -->
<testsuite ignored="0" hostname="LAPTOP-HMSF6D8U" failures="0" tests="3" name="SwagLabsDemo Test" time="33.512" errors="0" timestamp="05 Dec 2020 12:59:11 GMT">
  <testcase classname="com.SwagLabsDemo.testcases.LoginTest" name="blankCredentialCheck" time="1.01"/>
  <testcase classname="com.SwagLabsDemo.testcases.LoginTest" name="invalidCredentialsCheck" time="1.186"/>
  <testcase classname="com.SwagLabsDemo.testcases.LoginTest" name="validLoginCheck" time="3.433"/>
</testsuite> <!-- SwagLabsDemo Test -->
