<?xml version="1.0" encoding="UTF-8"?>
<testng-results ignored="0" total="1" passed="1" failed="0" skipped="0">
  <reporter-output>
  </reporter-output>
  <suite started-at="2020-11-27T00:12:23 IST" name="Default suite" finished-at="2020-11-27T00:12:32 IST" duration-ms="8874">
    <groups>
    </groups>
    <test started-at="2020-11-27T00:12:23 IST" name="Default test" finished-at="2020-11-27T00:12:32 IST" duration-ms="8874">
      <class name="SwagLabs.project.SwagLabs.project.test.LoginPageTest">
        <test-method signature="validLoginCheck()[pri:0, instance:SwagLabs.project.SwagLabs.project.test.LoginPageTest@3943a2be]" started-at="2020-11-27T00:12:23 IST" name="validLoginCheck" finished-at="2020-11-27T00:12:32 IST" duration-ms="8788" status="PASS">
          <reporter-output>
          </reporter-output>
        </test-method> <!-- validLoginCheck -->
      </class> <!-- SwagLabs.project.SwagLabs.project.test.LoginPageTest -->
    </test> <!-- Default test -->
  </suite> <!-- Default suite -->
</testng-results>
